[2019-11-02 18:29:17 -0700] [56208] [INFO] Starting gunicorn 19.9.0
[2019-11-02 18:29:17 -0700] [56208] [INFO] Listening at: http://0.0.0.0:5000 (56208)
[2019-11-02 18:29:17 -0700] [56208] [INFO] Using worker: sync
[2019-11-02 18:29:17 -0700] [56211] [INFO] Booting worker with pid: 56211
[2019-11-02 18:29:17 -0700] [56211] [ERROR] Exception in worker process
Traceback (most recent call last):
  File "/Users/vigneshkumarthangarajan/Documents/272-ENTSWPLATF/flask/crm/crm/lib/python3.7/site-packages/gunicorn/arbiter.py", line 583, in spawn_worker
    worker.init_process()
  File "/Users/vigneshkumarthangarajan/Documents/272-ENTSWPLATF/flask/crm/crm/lib/python3.7/site-packages/gunicorn/workers/base.py", line 129, in init_process
    self.load_wsgi()
  File "/Users/vigneshkumarthangarajan/Documents/272-ENTSWPLATF/flask/crm/crm/lib/python3.7/site-packages/gunicorn/workers/base.py", line 138, in load_wsgi
    self.wsgi = self.app.wsgi()
  File "/Users/vigneshkumarthangarajan/Documents/272-ENTSWPLATF/flask/crm/crm/lib/python3.7/site-packages/gunicorn/app/base.py", line 67, in wsgi
    self.callable = self.load()
  File "/Users/vigneshkumarthangarajan/Documents/272-ENTSWPLATF/flask/crm/crm/lib/python3.7/site-packages/gunicorn/app/wsgiapp.py", line 52, in load
    return self.load_wsgiapp()
  File "/Users/vigneshkumarthangarajan/Documents/272-ENTSWPLATF/flask/crm/crm/lib/python3.7/site-packages/gunicorn/app/wsgiapp.py", line 41, in load_wsgiapp
    return util.import_app(self.app_uri)
  File "/Users/vigneshkumarthangarajan/Documents/272-ENTSWPLATF/flask/crm/crm/lib/python3.7/site-packages/gunicorn/util.py", line 350, in import_app
    __import__(module)
ModuleNotFoundError: No module named '-'
[2019-11-02 18:29:17 -0700] [56211] [INFO] Worker exiting (pid: 56211)
[2019-11-02 18:29:17 -0700] [56208] [INFO] Shutting down: Master
[2019-11-02 18:29:17 -0700] [56208] [INFO] Reason: Worker failed to boot.
[2019-11-02 18:31:03 -0700] [56226] [INFO] Starting gunicorn 19.9.0
[2019-11-02 18:31:03 -0700] [56226] [INFO] Listening at: http://0.0.0.0:5000 (56226)
[2019-11-02 18:31:03 -0700] [56226] [INFO] Using worker: sync
[2019-11-02 18:31:03 -0700] [56229] [INFO] Booting worker with pid: 56229
[2019-11-02 18:32:08 -0700] [56226] [INFO] Handling signal: int
[2019-11-02 18:32:09 -0700] [56229] [INFO] Worker exiting (pid: 56229)
[2019-11-02 18:32:09 -0700] [56226] [INFO] Shutting down: Master
